Mon Nov 19 2018 13:19:32 GMT+0500 (Pakistan Standard Time): GET /about
Mon Nov 19 2018 13:19:33 GMT+0500 (Pakistan Standard Time): GET /
Mon Nov 19 2018 13:19:34 GMT+0500 (Pakistan Standard Time): GET /
Mon Nov 19 2018 13:19:35 GMT+0500 (Pakistan Standard Time): GET /about
Mon Nov 19 2018 13:19:35 GMT+0500 (Pakistan Standard Time): GET /about
Mon Nov 19 2018 13:25:21 GMT+0500 (Pakistan Standard Time): GET /
Mon Nov 19 2018 13:27:21 GMT+0500 (Pakistan Standard Time): GET /
Mon Nov 19 2018 13:29:21 GMT+0500 (Pakistan Standard Time): GET /
Mon Nov 19 2018 13:31:21 GMT+0500 (Pakistan Standard Time): GET /
Mon Nov 19 2018 13:33:26 GMT+0500 (Pakistan Standard Time): GET /
Mon Nov 19 2018 13:35:26 GMT+0500 (Pakistan Standard Time): GET /
Mon Nov 19 2018 13:37:56 GMT+0500 (Pakistan Standard Time): GET /
Mon Nov 19 2018 13:39:56 GMT+0500 (Pakistan Standard Time): GET /
Wed Nov 21 2018 12:11:50 GMT+0500 (Pakistan Standard Time): GET /
Wed Nov 21 2018 12:11:51 GMT+0500 (Pakistan Standard Time): GET /favicon.ico
Wed Nov 21 2018 12:11:56 GMT+0500 (Pakistan Standard Time): GET /projects
Wed Nov 21 2018 12:12:09 GMT+0500 (Pakistan Standard Time): GET /projects
Wed Nov 21 2018 12:12:13 GMT+0500 (Pakistan Standard Time): GET /
Wed Nov 21 2018 12:12:14 GMT+0500 (Pakistan Standard Time): GET /
Wed Nov 21 2018 12:12:24 GMT+0500 (Pakistan Standard Time): GET /
Wed Nov 21 2018 12:12:26 GMT+0500 (Pakistan Standard Time): GET /projects
Wed Nov 21 2018 12:12:27 GMT+0500 (Pakistan Standard Time): GET /about
